# JRE version: OpenJDK Runtime Environment Temurin-17.0.7+7 (17.0.7+7) (build 17.0.7+7)
# Java VM: OpenJDK 64-Bit Server VM Temurin-17.0.7+7 (17.0.7+7, mixed mode, emulated-client, tiered, compressed oops, compressed class ptrs, g1 gc, windows-amd64)
GC Precious Log:
 CPUs: 8 total, 8 available
 Memory: 8103M
 Large Page Support: Disabled
 NUMA Support: Disabled
 Compressed Oops: Enabled (32-bit)
 Heap Region Size: 1M
 Heap Min Capacity: 8M
 Heap Initial Capacity: 128M
 Heap Max Capacity: 2026M
 Pre-touch: Disabled
 Parallel Workers: 8
 Concurrent Workers: 2
 Concurrent Refinement Workers: 8
 Periodic GC: Disabled
Heap:
 garbage-first heap   total 61440K, used 28936K [0x0000000081600000, 0x0000000100000000)
  region size 1024K, 3 young (3072K), 3 survivors (3072K)
 Metaspace       used 72653K, committed 73216K, reserved 1114112K
  class space    used 9967K, committed 10240K, reserved 1048576K
GC Heap History (20 events):
Event: 2.043 GC heap after
{Heap after GC invocations=8 (full 0):
 garbage-first heap   total 78848K, used 14329K [0x0000000081600000, 0x0000000100000000)
  region size 1024K, 4 young (4096K), 4 survivors (4096K)
 Metaspace       used 31407K, committed 31680K, reserved 1114112K
  class space    used 3923K, committed 4032K, reserved 1048576K
}
Event: 2.591 GC heap before
{Heap before GC invocations=8 (full 0):
 garbage-first heap   total 78848K, used 51193K [0x0000000081600000, 0x0000000100000000)
  region size 1024K, 41 young (41984K), 4 survivors (4096K)
 Metaspace       used 35700K, committed 36096K, reserved 1114112K
  class space    used 4543K, committed 4736K, reserved 1048576K
}
Event: 2.596 GC heap after
{Heap after GC invocations=9 (full 0):
 garbage-first heap   total 78848K, used 16773K [0x0000000081600000, 0x0000000100000000)
  region size 1024K, 6 young (6144K), 6 survivors (6144K)
 Metaspace       used 35700K, committed 36096K, reserved 1114112K
  class space    used 4543K, committed 4736K, reserved 1048576K
}
Event: 3.458 GC heap before
{Heap before GC invocations=10 (full 0):
 garbage-first heap   total 61440K, used 50565K [0x0000000081600000, 0x0000000100000000)
  region size 1024K, 40 young (40960K), 6 survivors (6144K)
 Metaspace       used 40747K, committed 41216K, reserved 1114112K
  class space    used 5276K, committed 5504K, reserved 1048576K
}
Event: 3.464 GC heap after
{Heap after GC invocations=11 (full 0):
 garbage-first heap   total 61440K, used 20253K [0x0000000081600000, 0x0000000100000000)
  region size 1024K, 6 young (6144K), 6 survivors (6144K)
 Metaspace       used 40747K, committed 41216K, reserved 1114112K
  class space    used 5276K, committed 5504K, reserved 1048576K
}
Event: 3.944 GC heap before
{Heap before GC invocations=11 (full 0):
 garbage-first heap   total 61440K, used 45853K [0x0000000081600000, 0x0000000100000000)
  region size 1024K, 31 young (31744K), 6 survivors (6144K)
 Metaspace       used 45678K, committed 46080K, reserved 1114112K
  class space    used 5996K, committed 6208K, reserved 1048576K
}
Event: 3.956 GC heap after
{Heap after GC invocations=12 (full 0):
 garbage-first heap   total 61440K, used 21447K [0x0000000081600000, 0x0000000100000000)
  region size 1024K, 2 young (2048K), 2 survivors (2048K)
 Metaspace       used 45678K, committed 46080K, reserved 1114112K
  class space    used 5996K, committed 6208K, reserved 1048576K
}
Event: 4.517 GC heap before
{Heap before GC invocations=12 (full 0):
 garbage-first heap   total 61440K, used 46023K [0x0000000081600000, 0x0000000100000000)
  region size 1024K, 27 young (27648K), 2 survivors (2048K)
 Metaspace       used 54913K, committed 55424K, reserved 1114112K
  class space    used 7196K, committed 7424K, reserved 1048576K
}
Event: 4.521 GC heap after
{Heap after GC invocations=13 (full 0):
 garbage-first heap   total 61440K, used 23588K [0x0000000081600000, 0x0000000100000000)
  region size 1024K, 4 young (4096K), 4 survivors (4096K)
 Metaspace       used 54913K, committed 55424K, reserved 1114112K
  class space    used 7196K, committed 7424K, reserved 1048576K
}
Event: 4.906 GC heap before
{Heap before GC invocations=13 (full 0):
 garbage-first heap   total 61440K, used 47140K [0x0000000081600000, 0x0000000100000000)
  region size 1024K, 27 young (27648K), 4 survivors (4096K)
 Metaspace       used 59286K, committed 59776K, reserved 1114112K
  class space    used 7778K, committed 8000K, reserved 1048576K
}
Event: 4.911 GC heap after
{Heap after GC invocations=14 (full 0):
 garbage-first heap   total 61440K, used 24933K [0x0000000081600000, 0x0000000100000000)
  region size 1024K, 2 young (2048K), 2 survivors (2048K)
 Metaspace       used 59286K, committed 59776K, reserved 1114112K
  class space    used 7778K, committed 8000K, reserved 1048576K
}
Event: 4.995 GC heap before
{Heap before GC invocations=14 (full 0):
 garbage-first heap   total 61440K, used 30053K [0x0000000081600000, 0x0000000100000000)
  region size 1024K, 8 young (8192K), 2 survivors (2048K)
 Metaspace       used 59990K, committed 60480K, reserved 1114112K
  class space    used 7890K, committed 8128K, reserved 1048576K
}
Event: 4.997 GC heap after
{Heap after GC invocations=15 (full 0):
 garbage-first heap   total 61440K, used 24976K [0x0000000081600000, 0x0000000100000000)
  region size 1024K, 2 young (2048K), 2 survivors (2048K)
 Metaspace       used 59990K, committed 60480K, reserved 1114112K
  class space    used 7890K, committed 8128K, reserved 1048576K
}
Event: 5.444 GC heap before
{Heap before GC invocations=16 (full 0):
 garbage-first heap   total 61440K, used 47504K [0x0000000081600000, 0x0000000100000000)
  region size 1024K, 25 young (25600K), 2 survivors (2048K)
 Metaspace       used 65237K, committed 65792K, reserved 1114112K
  class space    used 8859K, committed 9152K, reserved 1048576K
}
Event: 5.447 GC heap after
{Heap after GC invocations=17 (full 0):
 garbage-first heap   total 61440K, used 25664K [0x0000000081600000, 0x0000000100000000)
  region size 1024K, 3 young (3072K), 3 survivors (3072K)
 Metaspace       used 65237K, committed 65792K, reserved 1114112K
  class space    used 8859K, committed 9152K, reserved 1048576K
}
Event: 5.952 GC heap before
{Heap before GC invocations=18 (full 0):
 garbage-first heap   total 61440K, used 48192K [0x0000000081600000, 0x0000000100000000)
  region size 1024K, 26 young (26624K), 3 survivors (3072K)
 Metaspace       used 68973K, committed 69568K, reserved 1114112K
  class space    used 9469K, committed 9792K, reserved 1048576K
}
Event: 5.956 GC heap after
{Heap after GC invocations=19 (full 0):
 garbage-first heap   total 61440K, used 26668K [0x0000000081600000, 0x0000000100000000)
  region size 1024K, 3 young (3072K), 3 survivors (3072K)
 Metaspace       used 68973K, committed 69568K, reserved 1114112K
  class space    used 9469K, committed 9792K, reserved 1048576K
}
Event: 6.226 GC heap before
{Heap before GC invocations=19 (full 0):
 garbage-first heap   total 61440K, used 49196K [0x0000000081600000, 0x0000000100000000)
  region size 1024K, 25 young (25600K), 3 survivors (3072K)
 Metaspace       used 71591K, committed 72192K, reserved 1114112K
  class space    used 9812K, committed 10112K, reserved 1048576K
}
Event: 6.230 GC heap after
{Heap after GC invocations=20 (full 0):
 garbage-first heap   total 61440K, used 28206K [0x0000000081600000, 0x0000000100000000)
  region size 1024K, 4 young (4096K), 4 survivors (4096K)
 Metaspace       used 71591K, committed 72192K, reserved 1114112K
  class space    used 9812K, committed 10112K, reserved 1048576K
}
Event: 6.377 GC heap before
{Heap before GC invocations=20 (full 0):
 garbage-first heap   total 61440K, used 49710K [0x0000000081600000, 0x0000000100000000)
  region size 1024K, 25 young (25600K), 4 survivors (4096K)
 Metaspace       used 72653K, committed 73216K, reserved 1114112K
  class space    used 9967K, committed 10240K, reserved 1048576K
}

